<?xml version="1.0" encoding="UTF-8"?>
<testng-results skipped="0" failed="0" total="1" passed="1">
  <reporter-output>
  </reporter-output>
  <suite name="Default suite" duration-ms="23645" started-at="2017-03-20T05:15:18Z" finished-at="2017-03-20T05:15:42Z">
    <groups>
    </groups>
    <test name="Default test" duration-ms="23645" started-at="2017-03-20T05:15:18Z" finished-at="2017-03-20T05:15:42Z">
      <class name="com.forte.appium.GDLifeAppium">
        <test-method status="PASS" signature="setUp()[pri:0, instance:com.forte.appium.GDLifeAppium@1a407d53]" name="setUp" is-config="true" duration-ms="9370" started-at="2017-03-20T13:15:18Z" finished-at="2017-03-20T13:15:28Z">
          <reporter-output>
          </reporter-output>
        </test-method> <!-- setUp -->
        <test-method status="PASS" signature="login()[pri:0, instance:com.forte.appium.GDLifeAppium@1a407d53]" name="login" duration-ms="14257" started-at="2017-03-20T13:15:28Z" finished-at="2017-03-20T13:15:42Z">
          <reporter-output>
          </reporter-output>
        </test-method> <!-- login -->
        <test-method status="PASS" signature="tearDown()[pri:0, instance:com.forte.appium.GDLifeAppium@1a407d53]" name="tearDown" is-config="true" duration-ms="0" started-at="2017-03-20T13:15:42Z" finished-at="2017-03-20T13:15:42Z">
          <reporter-output>
          </reporter-output>
        </test-method> <!-- tearDown -->
      </class> <!-- com.forte.appium.GDLifeAppium -->
    </test> <!-- Default test -->
  </suite> <!-- Default suite -->
</testng-results>
